08:57:06 AM: DEBUG [logging_hospital.py:15] Mensaje a nivel debug
08:57:06 AM: INFO [logging_hospital.py:45] Mensaje a nivel info
08:57:06 AM: WARNING [logging_hospital.py:46] Mensaje a nivel de warning
08:57:06 AM: ERROR [logging_hospital.py:47] Mensaje a nivel de error
08:57:06 AM: CRITICAL [logging_hospital.py:48] Mensaje a nivel critico
08:57:36 AM: DEBUG [logging_hospital.py:15] Mensaje a nivel debug
08:57:36 AM: INFO [logging_hospital.py:45] Mensaje a nivel info
08:57:36 AM: WARNING [logging_hospital.py:46] Mensaje a nivel de warning
08:57:36 AM: ERROR [logging_hospital.py:47] Mensaje a nivel de error
08:57:36 AM: CRITICAL [logging_hospital.py:48] Mensaje a nivel critico
08:57:49 AM: INFO [logging_hospital.py:19] ('name', '__main__')
08:57:49 AM: DEBUG [logging_hospital.py:15] Mensaje a nivel debug
08:57:49 AM: INFO [logging_hospital.py:45] Mensaje a nivel info
08:57:49 AM: WARNING [logging_hospital.py:46] Mensaje a nivel de warning
08:57:49 AM: ERROR [logging_hospital.py:47] Mensaje a nivel de error
08:57:49 AM: CRITICAL [logging_hospital.py:48] Mensaje a nivel critico
08:58:42 AM: INFO [logging_hospital.py:19] ('name', '__main__')
08:58:42 AM: DEBUG [logging_hospital.py:15] Mensaje a nivel debug
08:58:42 AM: INFO [logging_hospital.py:45] Mensaje a nivel info
08:58:42 AM: WARNING [logging_hospital.py:46] Mensaje a nivel de warning
08:58:42 AM: ERROR [logging_hospital.py:47] Mensaje a nivel de error
08:58:42 AM: CRITICAL [logging_hospital.py:48] Mensaje a nivel critico
09:00:28 AM: INFO [logging_hospital.py:19] ('name', 'utils.logging_hospital')
09:00:28 AM: DEBUG [logging_hospital.py:15] test
09:01:36 AM: INFO [logging_hospital.py:19] ('name', '__main__')
09:01:36 AM: DEBUG [logging_hospital.py:15] Mensaje a nivel debug
09:01:36 AM: INFO [logging_hospital.py:45] Mensaje a nivel info
09:01:36 AM: WARNING [logging_hospital.py:46] Mensaje a nivel de warning
09:01:36 AM: ERROR [logging_hospital.py:47] Mensaje a nivel de error
09:01:36 AM: CRITICAL [logging_hospital.py:48] Mensaje a nivel critico
09:02:13 AM: INFO [logging_hospital.py:19] ('name:', '__main__')
09:02:13 AM: DEBUG [logging_hospital.py:15] Mensaje a nivel debug
09:02:13 AM: INFO [logging_hospital.py:45] Mensaje a nivel info
09:02:13 AM: WARNING [logging_hospital.py:46] Mensaje a nivel de warning
09:02:13 AM: ERROR [logging_hospital.py:47] Mensaje a nivel de error
09:02:13 AM: CRITICAL [logging_hospital.py:48] Mensaje a nivel critico
09:03:28 AM: INFO [logging_hospital.py:19] ('name:', 'utils.logging_hospital')
09:03:28 AM: DEBUG [logging_hospital.py:15] test
09:04:35 AM: INFO [logging_hospital.py:19] ('name:', 'utils.logging_hospital')
09:04:35 AM: DEBUG [logging_hospital.py:15] Mensaje a nivel debug
09:04:35 AM: INFO [logging_hospital.py:45] Mensaje a nivel info
09:04:35 AM: WARNING [logging_hospital.py:46] Mensaje a nivel de warning
09:04:35 AM: ERROR [logging_hospital.py:47] Mensaje a nivel de error
09:04:35 AM: CRITICAL [logging_hospital.py:48] Mensaje a nivel critico
09:04:35 AM: DEBUG [logging_hospital.py:15] test
09:05:11 AM: INFO [logging_hospital.py:19] ('name:', 'utils.logging_hospital')
09:05:11 AM: DEBUG [logging_hospital.py:15] test
09:06:57 AM: INFO [logging_hospital.py:19] ('name:', 'utils.logging_hospital')
09:06:57 AM: DEBUG [logging_hospital.py:15] test: __main__
09:07:21 AM: INFO [logging_hospital.py:19] ('name:', '__main__')
09:07:21 AM: DEBUG [logging_hospital.py:15] Mensaje a nivel debug
09:07:21 AM: INFO [logging_hospital.py:45] Mensaje a nivel info
09:07:21 AM: WARNING [logging_hospital.py:46] Mensaje a nivel de warning
09:07:21 AM: ERROR [logging_hospital.py:47] Mensaje a nivel de error
09:07:21 AM: CRITICAL [logging_hospital.py:48] Mensaje a nivel critico
09:31:11 AM: INFO [logging_hospital.py:19] ('name:', 'utils.logging_hospital')
09:31:41 AM: INFO [logging_hospital.py:19] ('name:', 'utils.logging_hospital')
09:32:13 AM: INFO [logging_hospital.py:19] ('name:', 'utils.logging_hospital')
09:33:38 AM: INFO [logging_hospital.py:19] ('name:', 'utils.logging_hospital')
09:34:47 AM: INFO [logging_hospital.py:19] ('name:', 'utils.logging_hospital')
09:35:03 AM: INFO [logging_hospital.py:19] ('name:', 'utils.logging_hospital')
09:38:17 AM: INFO [logging_hospital.py:19] ('name:', 'utils.logging_hospital')
09:43:12 AM: INFO [logging_hospital.py:19] ('name:', 'utils.logging_hospital')
09:46:10 AM: INFO [logging_hospital.py:19] ('name:', 'utils.logging_hospital')
09:47:07 AM: INFO [logging_hospital.py:19] ('name:', 'utils.logging_hospital')
09:49:11 AM: INFO [logging_hospital.py:19] ('name:', 'utils.logging_hospital')
09:50:43 AM: INFO [logging_hospital.py:19] ('name:', 'utils.logging_hospital')
09:50:57 AM: INFO [logging_hospital.py:19] ('name:', 'utils.logging_hospital')
09:51:22 AM: INFO [logging_hospital.py:19] ('name:', 'utils.logging_hospital')
09:51:51 AM: INFO [logging_hospital.py:19] ('name:', 'utils.logging_hospital')
09:52:58 AM: INFO [logging_hospital.py:19] ('name:', 'utils.logging_hospital')
09:52:58 AM: INFO [logging_hospital.py:19] ('El doctor nombre esta fichando ',)
09:53:15 AM: INFO [logging_hospital.py:19] ('name:', 'utils.logging_hospital')
09:53:15 AM: INFO [logging_hospital.py:19] ('El doctor Doctor1 esta fichando ',)
09:53:20 AM: INFO [logging_hospital.py:19] ('name:', 'utils.logging_hospital')
09:53:20 AM: INFO [logging_hospital.py:19] ('El doctor Doctor1 esta fichando ',)
10:56:02 AM: INFO [logging_hospital.py:19] ('name:', 'utils.logging_hospital')
10:56:54 AM: INFO [logging_hospital.py:19] ('name:', 'utils.logging_hospital')
10:56:54 AM: INFO [logging_hospital.py:19] ('El doctor Doctor1 esta fichando ',)
10:56:54 AM: INFO [logging_hospital.py:19] ('El doctor Doctor2 esta fichando ',)
10:56:54 AM: INFO [logging_hospital.py:19] ('El enfermero Enfermero1 esta fichando ',)
10:56:54 AM: INFO [logging_hospital.py:19] ('El enfermero Enfermero2 esta fichando ',)
11:09:46 AM: INFO [logging_hospital.py:19] ('name:', 'utils.logging_hospital')
11:10:11 AM: INFO [logging_hospital.py:19] ('name:', 'utils.logging_hospital')
11:10:45 AM: INFO [logging_hospital.py:19] ('name:', 'utils.logging_hospital')
11:10:45 AM: INFO [logging_hospital.py:19] ('El doctor Doctor1 esta fichando el día 21112022 111045',)
11:10:45 AM: INFO [logging_hospital.py:19] ('El doctor Doctor2 esta fichando el día 21112022 111045',)
11:10:45 AM: INFO [logging_hospital.py:19] ('El enfermero Enfermero1 esta fichando el día 21112022 111045',)
11:10:45 AM: INFO [logging_hospital.py:19] ('El enfermero Enfermero2 esta fichando el día 21112022 111045',)
11:11:18 AM: INFO [logging_hospital.py:19] ('name:', 'utils.logging_hospital')
11:11:18 AM: INFO [logging_hospital.py:19] ('El doctor Doctor1 esta fichando el día  21/11/2022 11:11:18',)
11:11:18 AM: INFO [logging_hospital.py:19] ('El doctor Doctor2 esta fichando el día  21/11/2022 11:11:18',)
11:11:18 AM: INFO [logging_hospital.py:19] ('El enfermero Enfermero1 esta fichando el día 21/11/2022 11:11:18',)
11:11:18 AM: INFO [logging_hospital.py:19] ('El enfermero Enfermero2 esta fichando el día 21/11/2022 11:11:18',)
01:02:00 PM: INFO [logging_hospital.py:19] ('name:', 'utils.logging_hospital')
01:02:00 PM: INFO [logging_hospital.py:19] ('El doctor Doctor1 esta fichando el día  21/11/2022 13:2:0',)
01:02:00 PM: INFO [logging_hospital.py:19] ('El doctor Doctor2 esta fichando el día  21/11/2022 13:2:0',)
01:02:00 PM: INFO [logging_hospital.py:19] ('El enfermero Enfermero1 esta fichando el día 21/11/2022 13:2:0',)
01:02:00 PM: INFO [logging_hospital.py:19] ('El enfermero Enfermero2 esta fichando el día 21/11/2022 13:2:0',)
01:02:31 PM: INFO [logging_hospital.py:19] ('name:', 'utils.logging_hospital')
01:02:31 PM: INFO [logging_hospital.py:19] ('El doctor Doctor1 esta fichando el día  21/11/2022 13:2:31',)
01:02:31 PM: INFO [logging_hospital.py:19] ('El doctor Doctor2 esta fichando el día  21/11/2022 13:2:31',)
01:02:31 PM: INFO [logging_hospital.py:19] ('El enfermero Enfermero1 esta fichando el día 21/11/2022 13:2:31',)
01:02:31 PM: INFO [logging_hospital.py:19] ('El enfermero Enfermero2 esta fichando el día 21/11/2022 13:2:31',)
01:02:31 PM: INFO [logging_hospital.py:19] ('El enfermero Enfermero1 esta asignando al paciente Paciente1 a la consulta Consulta 1',)
01:02:31 PM: INFO [logging_hospital.py:19] ('El enfermero Enfermero2 esta asignando al paciente Paciente2 a la consulta Consulta 2',)
01:02:31 PM: INFO [logging_hospital.py:19] ('El pacciente Paciente1 esta sano abandona el hospital',)
01:02:31 PM: INFO [logging_hospital.py:19] ('El paciente Paciente1 se está despidiendo ',)
01:02:47 PM: INFO [logging_hospital.py:19] ('name:', 'utils.logging_hospital')
01:02:47 PM: INFO [logging_hospital.py:19] ('El doctor Doctor1 esta fichando el día  21/11/2022 13:2:47',)
01:02:47 PM: INFO [logging_hospital.py:19] ('El doctor Doctor2 esta fichando el día  21/11/2022 13:2:47',)
01:02:47 PM: INFO [logging_hospital.py:19] ('El enfermero Enfermero1 esta fichando el día 21/11/2022 13:2:47',)
01:02:47 PM: INFO [logging_hospital.py:19] ('El enfermero Enfermero2 esta fichando el día 21/11/2022 13:2:47',)
01:02:47 PM: INFO [logging_hospital.py:19] ('El enfermero Enfermero1 esta asignando al paciente Paciente1 a la consulta Consulta 1',)
01:02:47 PM: INFO [logging_hospital.py:19] ('El enfermero Enfermero2 esta asignando al paciente Paciente2 a la consulta Consulta 2',)
01:02:47 PM: INFO [logging_hospital.py:19] ('El pacciente Paciente1 esta sano abandona el hospital',)
01:02:47 PM: INFO [logging_hospital.py:19] ('El paciente Paciente1 se está despidiendo ',)
01:02:47 PM: INFO [logging_hospital.py:19] ('El pacciente Paciente2 esta sano abandona el hospital',)
01:02:47 PM: INFO [logging_hospital.py:19] ('El paciente Paciente2 se está despidiendo ',)
01:02:47 PM: INFO [logging_hospital.py:19] ('El pacciente Paciente1 esta sano abandona el hospital',)
01:02:47 PM: INFO [logging_hospital.py:19] ('El paciente Paciente1 se está despidiendo ',)
01:02:47 PM: INFO [logging_hospital.py:19] ('El pacciente Paciente2 esta sano abandona el hospital',)
01:02:47 PM: INFO [logging_hospital.py:19] ('El paciente Paciente2 se está despidiendo ',)
01:02:47 PM: INFO [logging_hospital.py:19] ('El doctor Doctor1 esta fichando el día  21/11/2022 13:2:47',)
01:02:47 PM: INFO [logging_hospital.py:19] ('El doctor Doctor2 esta fichando el día  21/11/2022 13:2:47',)
01:02:47 PM: INFO [logging_hospital.py:19] ('El enfermero Enfermero1 esta fichando el día 21/11/2022 13:2:47',)
01:02:47 PM: INFO [logging_hospital.py:19] ('El enfermero Enfermero2 esta fichando el día 21/11/2022 13:2:47',)
01:06:12 PM: INFO [logging_hospital.py:19] ('name:', 'utils.logging_hospital')
01:06:12 PM: INFO [logging_hospital.py:19] ('El doctor Doctor1 esta fichando el día  21/11/2022 13:6:12',)
01:06:12 PM: INFO [logging_hospital.py:19] ('El doctor Doctor2 esta fichando el día  21/11/2022 13:6:12',)
01:06:12 PM: INFO [logging_hospital.py:19] ('El enfermero Enfermero1 esta fichando el día 21/11/2022 13:6:12',)
01:06:12 PM: INFO [logging_hospital.py:19] ('El enfermero Enfermero2 esta fichando el día 21/11/2022 13:6:12',)
01:06:12 PM: INFO [logging_hospital.py:19] ('El enfermero Enfermero1 esta asignando al paciente Paciente1 a la consulta Consulta 1',)
01:06:12 PM: INFO [logging_hospital.py:19] ('El enfermero Enfermero2 esta asignando al paciente Paciente2 a la consulta Consulta 2',)
01:06:12 PM: INFO [logging_hospital.py:19] ('El doctor Doctor1 esta tratando al paciente Paciente1',)
01:06:12 PM: INFO [logging_hospital.py:19] ('El pacciente Paciente1 esta sano abandona el hospital',)
01:06:12 PM: INFO [logging_hospital.py:19] ('El paciente Paciente1 se está despidiendo ',)
01:06:12 PM: INFO [logging_hospital.py:19] ('El doctor Doctor2 esta tratando al paciente Paciente2',)
01:06:12 PM: INFO [logging_hospital.py:19] ('El pacciente Paciente2 esta sano abandona el hospital',)
01:06:12 PM: INFO [logging_hospital.py:19] ('El paciente Paciente2 se está despidiendo ',)
01:06:12 PM: INFO [logging_hospital.py:19] ('El enfermero Enfermero1 esta asignando al paciente Paciente3 a la consulta Consulta 1',)
01:06:12 PM: INFO [logging_hospital.py:19] ('El enfermero Enfermero2 esta asignando al paciente Paciente4 a la consulta Consulta 2',)
01:06:12 PM: INFO [logging_hospital.py:19] ('El doctor Doctor1 esta tratando al paciente Paciente3',)
01:06:12 PM: WARNING [logging_hospital.py:23] ('El pacciente Paciente3 esta enfermo tiene EBOLA',)
01:06:12 PM: INFO [logging_hospital.py:19] ('Enfermo Paciente3 asignado a la habitacion 0 ',)
01:06:12 PM: INFO [logging_hospital.py:19] ('Enfermo Paciente3 asignado a la habitacion 1 ',)
01:06:12 PM: INFO [logging_hospital.py:19] ('Enfermo Paciente3 asignado a la habitacion 2 ',)
01:06:12 PM: INFO [logging_hospital.py:19] ('El doctor Doctor2 esta tratando al paciente Paciente4',)
01:06:12 PM: INFO [logging_hospital.py:19] ('El pacciente Paciente4 esta sano abandona el hospital',)
01:06:12 PM: INFO [logging_hospital.py:19] ('El paciente Paciente4 se está despidiendo ',)
01:06:12 PM: INFO [logging_hospital.py:19] ('El doctor Doctor1 esta fichando el día  21/11/2022 13:6:12',)
01:06:12 PM: INFO [logging_hospital.py:19] ('El doctor Doctor2 esta fichando el día  21/11/2022 13:6:12',)
01:06:12 PM: INFO [logging_hospital.py:19] ('El enfermero Enfermero1 esta fichando el día 21/11/2022 13:6:12',)
01:06:12 PM: INFO [logging_hospital.py:19] ('El enfermero Enfermero2 esta fichando el día 21/11/2022 13:6:12',)
01:08:14 PM: INFO [logging_hospital.py:19] ('name:', 'utils.logging_hospital')
01:08:14 PM: INFO [logging_hospital.py:19] ('El doctor Doctor1 esta fichando el día  21/11/2022 13:8:14',)
01:08:14 PM: INFO [logging_hospital.py:19] ('El doctor Doctor2 esta fichando el día  21/11/2022 13:8:14',)
01:08:14 PM: INFO [logging_hospital.py:19] ('El enfermero Enfermero1 esta fichando el día 21/11/2022 13:8:14',)
01:08:14 PM: INFO [logging_hospital.py:19] ('El enfermero Enfermero2 esta fichando el día 21/11/2022 13:8:14',)
01:08:14 PM: INFO [logging_hospital.py:19] ('El enfermero Enfermero1 esta asignando al paciente Paciente1 a la consulta Consulta 1',)
01:08:14 PM: INFO [logging_hospital.py:19] ('El enfermero Enfermero2 esta asignando al paciente Paciente2 a la consulta Consulta 2',)
01:08:14 PM: INFO [logging_hospital.py:19] ('El doctor Doctor1 esta tratando al paciente Paciente1',)
01:08:14 PM: WARNING [logging_hospital.py:23] ('El pacciente Paciente1 esta enfermo tiene COVID',)
01:08:14 PM: INFO [logging_hospital.py:19] ('Enfermo Paciente1 asignado a la habitacion 0 ',)
01:08:14 PM: INFO [logging_hospital.py:19] ('El doctor Doctor2 esta tratando al paciente Paciente2',)
01:08:14 PM: INFO [logging_hospital.py:19] ('El pacciente Paciente2 esta sano abandona el hospital',)
01:08:14 PM: INFO [logging_hospital.py:19] ('El paciente Paciente2 se está despidiendo ',)
01:08:14 PM: INFO [logging_hospital.py:19] ('El enfermero Enfermero1 esta asignando al paciente Paciente3 a la consulta Consulta 1',)
01:08:14 PM: INFO [logging_hospital.py:19] ('El enfermero Enfermero2 esta asignando al paciente Paciente4 a la consulta Consulta 2',)
01:08:14 PM: INFO [logging_hospital.py:19] ('El doctor Doctor1 esta tratando al paciente Paciente3',)
01:08:14 PM: INFO [logging_hospital.py:19] ('El pacciente Paciente3 esta sano abandona el hospital',)
01:08:14 PM: INFO [logging_hospital.py:19] ('El paciente Paciente3 se está despidiendo ',)
01:08:14 PM: INFO [logging_hospital.py:19] ('El doctor Doctor2 esta tratando al paciente Paciente4',)
01:08:14 PM: WARNING [logging_hospital.py:23] ('El pacciente Paciente4 esta enfermo tiene COVID',)
01:08:14 PM: INFO [logging_hospital.py:19] ('Enfermo Paciente4 asignado a la habitacion 0 ',)
01:08:14 PM: INFO [logging_hospital.py:19] ('El doctor Doctor1 esta fichando el día  21/11/2022 13:8:14',)
01:08:14 PM: INFO [logging_hospital.py:19] ('El doctor Doctor2 esta fichando el día  21/11/2022 13:8:14',)
01:08:14 PM: INFO [logging_hospital.py:19] ('El enfermero Enfermero1 esta fichando el día 21/11/2022 13:8:14',)
01:08:14 PM: INFO [logging_hospital.py:19] ('El enfermero Enfermero2 esta fichando el día 21/11/2022 13:8:14',)
01:11:32 PM: INFO [logging_hospital.py:19] ('name:', 'utils.logging_hospital')
01:11:32 PM: INFO [logging_hospital.py:19] ('El doctor Doctor1 esta fichando el día  21/11/2022 13:11:32',)
01:11:32 PM: INFO [logging_hospital.py:19] ('El doctor Doctor2 esta fichando el día  21/11/2022 13:11:32',)
01:11:32 PM: INFO [logging_hospital.py:19] ('El enfermero Enfermero1 esta fichando el día 21/11/2022 13:11:32',)
01:11:32 PM: INFO [logging_hospital.py:19] ('El enfermero Enfermero2 esta fichando el día 21/11/2022 13:11:32',)
01:11:32 PM: INFO [logging_hospital.py:19] ('El enfermero Enfermero1 esta asignando al paciente Paciente1 a la consulta Consulta 1',)
01:11:32 PM: INFO [logging_hospital.py:19] ('El enfermero Enfermero2 esta asignando al paciente Paciente2 a la consulta Consulta 2',)
01:11:32 PM: INFO [logging_hospital.py:19] ('El doctor Doctor1 esta tratando al paciente Paciente1',)
01:11:32 PM: WARNING [logging_hospital.py:23] ('El pacciente Paciente1 esta enfermo tiene GRIPE',)
01:12:45 PM: INFO [logging_hospital.py:19] ('Enfermo Paciente1 asignado a la habitacion 0 ',)
01:15:41 PM: INFO [logging_hospital.py:19] ('name:', 'utils.logging_hospital')
01:15:41 PM: INFO [logging_hospital.py:19] ('El doctor Doctor1 esta fichando el día  21/11/2022 13:15:41',)
01:15:41 PM: INFO [logging_hospital.py:19] ('El doctor Doctor2 esta fichando el día  21/11/2022 13:15:41',)
01:15:41 PM: INFO [logging_hospital.py:19] ('El enfermero Enfermero1 esta fichando el día 21/11/2022 13:15:41',)
01:15:41 PM: INFO [logging_hospital.py:19] ('El enfermero Enfermero2 esta fichando el día 21/11/2022 13:15:41',)
01:15:41 PM: INFO [logging_hospital.py:19] ('El enfermero Enfermero1 esta asignando al paciente Paciente1 a la consulta Consulta 1',)
01:15:41 PM: INFO [logging_hospital.py:19] ('El enfermero Enfermero2 esta asignando al paciente Paciente2 a la consulta Consulta 2',)
01:15:41 PM: INFO [logging_hospital.py:19] ('El doctor Doctor1 esta tratando al paciente Paciente1',)
01:15:41 PM: WARNING [logging_hospital.py:23] ('El pacciente Paciente1 esta enfermo tiene GRIPE',)
01:15:41 PM: INFO [logging_hospital.py:19] ('Enfermo Paciente1 asignado a la habitacion 0 ',)
01:15:41 PM: INFO [logging_hospital.py:19] ('El doctor Doctor2 esta tratando al paciente Paciente2',)
01:15:41 PM: INFO [logging_hospital.py:19] ('El pacciente Paciente2 esta sano abandona el hospital',)
01:15:41 PM: INFO [logging_hospital.py:19] ('El paciente Paciente2 se está despidiendo ',)
01:15:41 PM: INFO [logging_hospital.py:19] ('El enfermero Enfermero1 esta asignando al paciente Paciente3 a la consulta Consulta 1',)
01:15:41 PM: INFO [logging_hospital.py:19] ('El enfermero Enfermero2 esta asignando al paciente Paciente4 a la consulta Consulta 2',)
01:15:41 PM: INFO [logging_hospital.py:19] ('El doctor Doctor1 esta tratando al paciente Paciente3',)
01:15:41 PM: WARNING [logging_hospital.py:23] ('El pacciente Paciente3 esta enfermo tiene EBOLA',)
01:15:41 PM: INFO [logging_hospital.py:19] ('Enfermo Paciente3 asignado a la habitacion 1 ',)
01:15:41 PM: INFO [logging_hospital.py:19] ('El doctor Doctor2 esta tratando al paciente Paciente4',)
01:15:41 PM: INFO [logging_hospital.py:19] ('El pacciente Paciente4 esta sano abandona el hospital',)
01:15:41 PM: INFO [logging_hospital.py:19] ('El paciente Paciente4 se está despidiendo ',)
01:15:41 PM: INFO [logging_hospital.py:19] ('El doctor Doctor1 esta fichando el día  21/11/2022 13:15:41',)
01:15:41 PM: INFO [logging_hospital.py:19] ('El doctor Doctor2 esta fichando el día  21/11/2022 13:15:41',)
01:15:41 PM: INFO [logging_hospital.py:19] ('El enfermero Enfermero1 esta fichando el día 21/11/2022 13:15:41',)
01:15:41 PM: INFO [logging_hospital.py:19] ('El enfermero Enfermero2 esta fichando el día 21/11/2022 13:15:41',)
01:16:01 PM: INFO [logging_hospital.py:19] ('name:', 'utils.logging_hospital')
01:16:01 PM: INFO [logging_hospital.py:19] ('El doctor Doctor1 esta fichando el día  21/11/2022 13:16:1',)
01:16:01 PM: INFO [logging_hospital.py:19] ('El doctor Doctor2 esta fichando el día  21/11/2022 13:16:1',)
01:16:01 PM: INFO [logging_hospital.py:19] ('El enfermero Enfermero1 esta fichando el día 21/11/2022 13:16:1',)
01:16:01 PM: INFO [logging_hospital.py:19] ('El enfermero Enfermero2 esta fichando el día 21/11/2022 13:16:1',)
01:16:01 PM: INFO [logging_hospital.py:19] ('El enfermero Enfermero1 esta asignando al paciente Paciente1 a la consulta Consulta 1',)
01:16:01 PM: INFO [logging_hospital.py:19] ('El enfermero Enfermero2 esta asignando al paciente Paciente2 a la consulta Consulta 2',)
01:16:01 PM: INFO [logging_hospital.py:19] ('El doctor Doctor1 esta tratando al paciente Paciente1',)
01:16:01 PM: WARNING [logging_hospital.py:23] ('El pacciente Paciente1 esta enfermo tiene GRIPE',)
01:16:01 PM: INFO [logging_hospital.py:19] ('Enfermo Paciente1 asignado a la habitacion 0 ',)
01:16:01 PM: INFO [logging_hospital.py:19] ('El doctor Doctor2 esta tratando al paciente Paciente2',)
01:16:01 PM: WARNING [logging_hospital.py:23] ('El pacciente Paciente2 esta enfermo tiene ATAQUE CORAZON',)
01:16:01 PM: INFO [logging_hospital.py:19] ('Enfermo Paciente2 asignado a la habitacion 1 ',)
01:16:01 PM: INFO [logging_hospital.py:19] ('El enfermero Enfermero1 esta asignando al paciente Paciente3 a la consulta Consulta 1',)
01:16:01 PM: INFO [logging_hospital.py:19] ('El enfermero Enfermero2 esta asignando al paciente Paciente4 a la consulta Consulta 2',)
01:16:01 PM: INFO [logging_hospital.py:19] ('El doctor Doctor1 esta tratando al paciente Paciente3',)
01:16:01 PM: WARNING [logging_hospital.py:23] ('El pacciente Paciente3 esta enfermo tiene COVID',)
01:16:01 PM: INFO [logging_hospital.py:19] ('Enfermo Paciente3 asignado a la habitacion 2 ',)
01:16:01 PM: INFO [logging_hospital.py:19] ('El doctor Doctor2 esta tratando al paciente Paciente4',)
01:16:01 PM: WARNING [logging_hospital.py:23] ('El pacciente Paciente4 esta enfermo tiene GRIPE',)
01:16:01 PM: WARNING [logging_hospital.py:23] ('No hay habitaciones disponobles se deriva al enfermo a otro Hospital',)
01:16:01 PM: INFO [logging_hospital.py:19] ('El doctor Doctor1 esta fichando el día  21/11/2022 13:16:1',)
01:16:01 PM: INFO [logging_hospital.py:19] ('El doctor Doctor2 esta fichando el día  21/11/2022 13:16:1',)
01:16:01 PM: INFO [logging_hospital.py:19] ('El enfermero Enfermero1 esta fichando el día 21/11/2022 13:16:1',)
01:16:01 PM: INFO [logging_hospital.py:19] ('El enfermero Enfermero2 esta fichando el día 21/11/2022 13:16:1',)
